INFO:root:This file is a SVM Training Data log for Moss

INFO:root:./TrainingData/dysplasia00.tif
INFO:root:Critical p: 0.04701

INFO:root:./TrainingData/dysplasia01.tif
INFO:root:Critical p: 0.03091

INFO:root:./TrainingData/dysplasia02.tif
INFO:root:Critical p: 0.02004

INFO:root:./TrainingData/dysplasia03.tif
INFO:root:Critical p: 0.01423

INFO:root:./TrainingData/dysplasia04.tif
INFO:root:Critical p: 0.04588

INFO:root:./TrainingData/dysplasia05.tif
INFO:root:Critical p: 0.01504

INFO:root:./TrainingData/dysplasia06.tif
INFO:root:Critical p: 0.01331

INFO:root:./TrainingData/dysplasia07.tif
INFO:root:Critical p: 0.03054

INFO:root:./TrainingData/dysplasia08.tif
INFO:root:Critical p: 0.04710

INFO:root:./TrainingData/healthy00.tif
INFO:root:Critical p: 0.00072

INFO:root:./TrainingData/healthy01.tif
INFO:root:Critical p: 0.00031

INFO:root:./TrainingData/healthy02.tif
INFO:root:Critical p: 0.00175

INFO:root:./TrainingData/healthy03.tif
INFO:root:Critical p: 0.02997

INFO:root:./TrainingData/healthy04.tif
INFO:root:Critical p: 0.03134

INFO:root:./TrainingData/healthy05.tif
INFO:root:Critical p: 0.00303

INFO:root:./TrainingData/healthy06.tif
INFO:root:Critical p: 0.00000

INFO:root:./TrainingData/healthy07.tif
INFO:root:Critical p: 0.00465

INFO:root:./TrainingData/healthy08.tif
INFO:root:Critical p: 0.00281

INFO:root:./TrainingData/healthy09.tif
INFO:root:Critical p: 0.00103

INFO:root:./TrainingData/healthy10.tif
INFO:root:Critical p: 0.00000

INFO:root:./TrainingData/healthy11.tif
INFO:root:Critical p: 0.00675

INFO:root:EXIT_SUCCESS
