INFO:root:This file is a SVM Training Data log for Moss

INFO:root:./TrainingData/dysplasia00.tif
INFO:root:Critical p: 0.00000

INFO:root:./TrainingData/dysplasia01.tif
INFO:root:Critical p: 0.00005

INFO:root:./TrainingData/dysplasia02.tif
INFO:root:Critical p: 0.00773

INFO:root:./TrainingData/dysplasia03.tif
INFO:root:Critical p: 0.00083

INFO:root:./TrainingData/dysplasia04.tif
INFO:root:Critical p: 0.00116

INFO:root:./TrainingData/dysplasia05.tif
INFO:root:Critical p: 0.00271

INFO:root:./TrainingData/dysplasia06.tif
INFO:root:Critical p: 0.00155

INFO:root:./TrainingData/dysplasia07.tif
INFO:root:Critical p: 0.00029

INFO:root:./TrainingData/dysplasia08.tif
INFO:root:Critical p: 0.00027

INFO:root:./TrainingData/healthy00.tif
INFO:root:Critical p: 0.00005

INFO:root:./TrainingData/healthy01.tif
INFO:root:Critical p: 0.00001

INFO:root:./TrainingData/healthy02.tif
INFO:root:Critical p: 0.00025

INFO:root:./TrainingData/healthy03.tif
INFO:root:Critical p: 0.00014

INFO:root:./TrainingData/healthy04.tif
INFO:root:Critical p: 0.00005

INFO:root:./TrainingData/healthy05.tif
INFO:root:Critical p: 0.00076

INFO:root:./TrainingData/healthy06.tif
INFO:root:Critical p: 0.00000

INFO:root:./TrainingData/healthy07.tif
INFO:root:Critical p: 0.00097

INFO:root:./TrainingData/healthy08.tif
INFO:root:Critical p: 0.00000

INFO:root:./TrainingData/healthy09.tif
INFO:root:Critical p: 0.00073

INFO:root:./TrainingData/healthy10.tif
INFO:root:Critical p: 0.00000

INFO:root:./TrainingData/healthy11.tif
INFO:root:Critical p: 0.00001

INFO:root:EXIT_SUCCESS
INFO:root:This file is a SVM Training Data log for Moss

INFO:root:./TrainingData/dysplasia00.tif
INFO:root:Critical p: 0.01359

INFO:root:./TrainingData/dysplasia01.tif
INFO:root:Critical p: 0.01878

INFO:root:./TrainingData/dysplasia02.tif
INFO:root:Critical p: 0.14441

INFO:root:./TrainingData/dysplasia03.tif
INFO:root:Critical p: 0.15787

INFO:root:./TrainingData/dysplasia04.tif
INFO:root:Critical p: 0.05976

INFO:root:./TrainingData/dysplasia05.tif
INFO:root:Critical p: 0.09499

INFO:root:./TrainingData/dysplasia06.tif
INFO:root:Critical p: 0.07072

INFO:root:./TrainingData/dysplasia07.tif
INFO:root:Critical p: 0.02109

INFO:root:./TrainingData/dysplasia08.tif
INFO:root:Critical p: 0.01644

INFO:root:./TrainingData/healthy00.tif
INFO:root:Critical p: 0.08259

INFO:root:./TrainingData/healthy01.tif
INFO:root:Critical p: 0.04652

INFO:root:./TrainingData/healthy02.tif
INFO:root:Critical p: 0.03748

INFO:root:./TrainingData/healthy03.tif
INFO:root:Critical p: 0.02740

INFO:root:./TrainingData/healthy04.tif
INFO:root:Critical p: 0.01106

INFO:root:./TrainingData/healthy05.tif
INFO:root:Critical p: 0.19636

INFO:root:./TrainingData/healthy06.tif
INFO:root:Critical p: 0.01287

INFO:root:./TrainingData/healthy07.tif
INFO:root:Critical p: 0.02427

INFO:root:./TrainingData/healthy08.tif
INFO:root:Critical p: 0.01227

INFO:root:./TrainingData/healthy09.tif
INFO:root:Critical p: 0.29666

INFO:root:./TrainingData/healthy10.tif
INFO:root:Critical p: 0.34797

INFO:root:./TrainingData/healthy11.tif
INFO:root:Critical p: 0.01194

INFO:root:EXIT_SUCCESS
